# JRE version: Java(TM) SE Runtime Environment (8.0_181-b13) (build 1.8.0_181-b13)
# Java VM: Java HotSpot(TM) 64-Bit Server VM (25.181-b13 mixed mode linux-amd64 compressed oops)
Heap:
 PSYoungGen      total 452608K, used 8346K [0x000000076cf00000, 0x0000000789c80000, 0x00000007c0000000)
  eden space 442880K, 1% used [0x000000076cf00000,0x000000076d726bf0,0x0000000787f80000)
  from space 9728K, 0% used [0x0000000787f80000,0x0000000787f80000,0x0000000788900000)
  to   space 14848K, 0% used [0x0000000788e00000,0x0000000788e00000,0x0000000789c80000)
 ParOldGen       total 211968K, used 55719K [0x00000006c6c00000, 0x00000006d3b00000, 0x000000076cf00000)
  object space 211968K, 26% used [0x00000006c6c00000,0x00000006ca269e20,0x00000006d3b00000)
 Metaspace       used 73636K, capacity 77040K, committed 77080K, reserved 1116160K
  class space    used 9050K, capacity 9768K, committed 9776K, reserved 1048576K
GC Heap History (10 events):
Event: 1375,691 GC heap before
{Heap before GC invocations=33 (full 12):
 PSYoungGen      total 458752K, used 9329K [0x000000076cf00000, 0x0000000789e80000, 0x00000007c0000000)
  eden space 442880K, 0% used [0x000000076cf00000,0x000000076cf00000,0x0000000787f80000)
  from space 15872K, 58% used [0x0000000787f80000,0x000000078889c648,0x0000000788f00000)
  to   space 15872K, 0% used [0x0000000788f00000,0x0000000788f00000,0x0000000789e80000)
 ParOldGen       total 211968K, used 49797K [0x00000006c6c00000, 0x00000006d3b00000, 0x000000076cf00000)
  object space 211968K, 23% used [0x00000006c6c00000,0x00000006c9ca1718,0x00000006d3b00000)
 Metaspace       used 71278K, capacity 74598K, committed 74776K, reserved 1114112K
  class space    used 8834K, capacity 9519K, committed 9520K, reserved 1048576K
Event: 1375,852 GC heap after
Heap after GC invocations=33 (full 12):
 PSYoungGen      total 458752K, used 0K [0x000000076cf00000, 0x0000000789e80000, 0x00000007c0000000)
  eden space 442880K, 0% used [0x000000076cf00000,0x000000076cf00000,0x0000000787f80000)
  from space 15872K, 0% used [0x0000000787f80000,0x0000000787f80000,0x0000000788f00000)
  to   space 15872K, 0% used [0x0000000788f00000,0x0000000788f00000,0x0000000789e80000)
 ParOldGen       total 211968K, used 51706K [0x00000006c6c00000, 0x00000006d3b00000, 0x000000076cf00000)
  object space 211968K, 24% used [0x00000006c6c00000,0x00000006c9e7e878,0x00000006d3b00000)
 Metaspace       used 71261K, capacity 74568K, committed 74776K, reserved 1114112K
  class space    used 8831K, capacity 9513K, committed 9520K, reserved 1048576K
}
Event: 1535,949 GC heap before
{Heap before GC invocations=34 (full 12):
 PSYoungGen      total 458752K, used 337632K [0x000000076cf00000, 0x0000000789e80000, 0x00000007c0000000)
  eden space 442880K, 76% used [0x000000076cf00000,0x00000007818b8268,0x0000000787f80000)
  from space 15872K, 0% used [0x0000000787f80000,0x0000000787f80000,0x0000000788f00000)
  to   space 15872K, 0% used [0x0000000788f00000,0x0000000788f00000,0x0000000789e80000)
 ParOldGen       total 211968K, used 51706K [0x00000006c6c00000, 0x00000006d3b00000, 0x000000076cf00000)
  object space 211968K, 24% used [0x00000006c6c00000,0x00000006c9e7e878,0x00000006d3b00000)
 Metaspace       used 72797K, capacity 76198K, committed 76312K, reserved 1116160K
  class space    used 8994K, capacity 9699K, committed 9776K, reserved 1048576K
Event: 1535,963 GC heap after
Heap after GC invocations=34 (full 12):
 PSYoungGen      total 457728K, used 10122K [0x000000076cf00000, 0x0000000789d80000, 0x00000007c0000000)
  eden space 442880K, 0% used [0x000000076cf00000,0x000000076cf00000,0x0000000787f80000)
  from space 14848K, 68% used [0x0000000788f00000,0x00000007898e2b78,0x0000000789d80000)
  to   space 15360K, 0% used [0x0000000787f80000,0x0000000787f80000,0x0000000788e80000)
 ParOldGen       total 211968K, used 51714K [0x00000006c6c00000, 0x00000006d3b00000, 0x000000076cf00000)
  object space 211968K, 24% used [0x00000006c6c00000,0x00000006c9e80878,0x00000006d3b00000)
 Metaspace       used 72797K, capacity 76198K, committed 76312K, reserved 1116160K
  class space    used 8994K, capacity 9699K, committed 9776K, reserved 1048576K
}
Event: 1535,963 GC heap before
{Heap before GC invocations=35 (full 13):
 PSYoungGen      total 457728K, used 10122K [0x000000076cf00000, 0x0000000789d80000, 0x00000007c0000000)
  eden space 442880K, 0% used [0x000000076cf00000,0x000000076cf00000,0x0000000787f80000)
  from space 14848K, 68% used [0x0000000788f00000,0x00000007898e2b78,0x0000000789d80000)
  to   space 15360K, 0% used [0x0000000787f80000,0x0000000787f80000,0x0000000788e80000)
 ParOldGen       total 211968K, used 51714K [0x00000006c6c00000, 0x00000006d3b00000, 0x000000076cf00000)
  object space 211968K, 24% used [0x00000006c6c00000,0x00000006c9e80878,0x00000006d3b00000)
 Metaspace       used 72797K, capacity 76198K, committed 76312K, reserved 1116160K
  class space    used 8994K, capacity 9699K, committed 9776K, reserved 1048576K
Event: 1536,205 GC heap after
Heap after GC invocations=35 (full 13):
 PSYoungGen      total 457728K, used 0K [0x000000076cf00000, 0x0000000789d80000, 0x00000007c0000000)
  eden space 442880K, 0% used [0x000000076cf00000,0x000000076cf00000,0x0000000787f80000)
  from space 14848K, 0% used [0x0000000788f00000,0x0000000788f00000,0x0000000789d80000)
  to   space 15360K, 0% used [0x0000000787f80000,0x0000000787f80000,0x0000000788e80000)
 ParOldGen       total 211968K, used 54305K [0x00000006c6c00000, 0x00000006d3b00000, 0x000000076cf00000)
  object space 211968K, 25% used [0x00000006c6c00000,0x00000006ca108778,0x00000006d3b00000)
 Metaspace       used 72779K, capacity 76168K, committed 76312K, reserved 1116160K
  class space    used 8991K, capacity 9693K, committed 9776K, reserved 1048576K
}
Event: 1655,339 GC heap before
{Heap before GC invocations=36 (full 13):
 PSYoungGen      total 457728K, used 324176K [0x000000076cf00000, 0x0000000789d80000, 0x00000007c0000000)
  eden space 442880K, 73% used [0x000000076cf00000,0x0000000780b94220,0x0000000787f80000)
  from space 14848K, 0% used [0x0000000788f00000,0x0000000788f00000,0x0000000789d80000)
  to   space 15360K, 0% used [0x0000000787f80000,0x0000000787f80000,0x0000000788e80000)
 ParOldGen       total 211968K, used 54305K [0x00000006c6c00000, 0x00000006d3b00000, 0x000000076cf00000)
  object space 211968K, 25% used [0x00000006c6c00000,0x00000006ca108778,0x00000006d3b00000)
 Metaspace       used 73639K, capacity 77064K, committed 77080K, reserved 1116160K
  class space    used 9051K, capacity 9772K, committed 9776K, reserved 1048576K
Event: 1655,356 GC heap after
Heap after GC invocations=36 (full 13):
 PSYoungGen      total 452608K, used 9409K [0x000000076cf00000, 0x0000000789c80000, 0x00000007c0000000)
  eden space 442880K, 0% used [0x000000076cf00000,0x000000076cf00000,0x0000000787f80000)
  from space 9728K, 96% used [0x0000000787f80000,0x00000007888b0638,0x0000000788900000)
  to   space 14848K, 0% used [0x0000000788e00000,0x0000000788e00000,0x0000000789c80000)
 ParOldGen       total 211968K, used 54313K [0x00000006c6c00000, 0x00000006d3b00000, 0x000000076cf00000)
  object space 211968K, 25% used [0x00000006c6c00000,0x00000006ca10a778,0x00000006d3b00000)
 Metaspace       used 73639K, capacity 77064K, committed 77080K, reserved 1116160K
  class space    used 9051K, capacity 9772K, committed 9776K, reserved 1048576K
}
Event: 1655,356 GC heap before
{Heap before GC invocations=37 (full 14):
 PSYoungGen      total 452608K, used 9409K [0x000000076cf00000, 0x0000000789c80000, 0x00000007c0000000)
  eden space 442880K, 0% used [0x000000076cf00000,0x000000076cf00000,0x0000000787f80000)
  from space 9728K, 96% used [0x0000000787f80000,0x00000007888b0638,0x0000000788900000)
  to   space 14848K, 0% used [0x0000000788e00000,0x0000000788e00000,0x0000000789c80000)
 ParOldGen       total 211968K, used 54313K [0x00000006c6c00000, 0x00000006d3b00000, 0x000000076cf00000)
  object space 211968K, 25% used [0x00000006c6c00000,0x00000006ca10a778,0x00000006d3b00000)
 Metaspace       used 73639K, capacity 77064K, committed 77080K, reserved 1116160K
  class space    used 9051K, capacity 9772K, committed 9776K, reserved 1048576K
Event: 1655,575 GC heap after
Heap after GC invocations=37 (full 14):
 PSYoungGen      total 452608K, used 0K [0x000000076cf00000, 0x0000000789c80000, 0x00000007c0000000)
  eden space 442880K, 0% used [0x000000076cf00000,0x000000076cf00000,0x0000000787f80000)
  from space 9728K, 0% used [0x0000000787f80000,0x0000000787f80000,0x0000000788900000)
  to   space 14848K, 0% used [0x0000000788e00000,0x0000000788e00000,0x0000000789c80000)
 ParOldGen       total 211968K, used 55719K [0x00000006c6c00000, 0x00000006d3b00000, 0x000000076cf00000)
  object space 211968K, 26% used [0x00000006c6c00000,0x00000006ca269e20,0x00000006d3b00000)
 Metaspace       used 73621K, capacity 77034K, committed 77080K, reserved 1116160K
  class space    used 9048K, capacity 9766K, committed 9776K, reserved 1048576K
}

