# JRE version: Java(TM) SE Runtime Environment (8.0_181-b13) (build 1.8.0_181-b13)
# Java VM: Java HotSpot(TM) 64-Bit Server VM (25.181-b13 mixed mode linux-amd64 compressed oops)
Heap:
 PSYoungGen      total 356352K, used 7951K [0x000000076cf00000, 0x0000000784b00000, 0x00000007c0000000)
  eden space 348160K, 2% used [0x000000076cf00000,0x000000076d6c3f28,0x0000000782300000)
  from space 8192K, 0% used [0x0000000782300000,0x0000000782300000,0x0000000782b00000)
  to   space 20480K, 0% used [0x0000000783700000,0x0000000783700000,0x0000000784b00000)
 ParOldGen       total 211968K, used 36703K [0x00000006c6c00000, 0x00000006d3b00000, 0x000000076cf00000)
  object space 211968K, 17% used [0x00000006c6c00000,0x00000006c8fd7f88,0x00000006d3b00000)
 Metaspace       used 64345K, capacity 67028K, committed 67352K, reserved 1107968K
  class space    used 8440K, capacity 8914K, committed 9008K, reserved 1048576K
GC Heap History (10 events):
Event: 72,016 GC heap before
{Heap before GC invocations=14 (full 3):
 PSYoungGen      total 292864K, used 219162K [0x000000076cf00000, 0x0000000781800000, 0x00000007c0000000)
  eden space 270848K, 80% used [0x000000076cf00000,0x000000077a506be0,0x000000077d780000)
  from space 22016K, 0% used [0x000000077ed80000,0x000000077ed80000,0x0000000780300000)
  to   space 22528K, 0% used [0x000000077d780000,0x000000077d780000,0x000000077ed80000)
 ParOldGen       total 211968K, used 32028K [0x00000006c6c00000, 0x00000006d3b00000, 0x000000076cf00000)
  object space 211968K, 15% used [0x00000006c6c00000,0x00000006c8b47330,0x00000006d3b00000)
 Metaspace       used 62809K, capacity 65308K, committed 65432K, reserved 1105920K
  class space    used 8358K, capacity 8794K, committed 8880K, reserved 1048576K
Event: 72,026 GC heap after
Heap after GC invocations=14 (full 3):
 PSYoungGen      total 293376K, used 11911K [0x000000076cf00000, 0x0000000785580000, 0x00000007c0000000)
  eden space 270848K, 0% used [0x000000076cf00000,0x000000076cf00000,0x000000077d780000)
  from space 22528K, 52% used [0x000000077d780000,0x000000077e321eb0,0x000000077ed80000)
  to   space 21504K, 0% used [0x0000000784080000,0x0000000784080000,0x0000000785580000)
 ParOldGen       total 211968K, used 32036K [0x00000006c6c00000, 0x00000006d3b00000, 0x000000076cf00000)
  object space 211968K, 15% used [0x00000006c6c00000,0x00000006c8b49330,0x00000006d3b00000)
 Metaspace       used 62809K, capacity 65308K, committed 65432K, reserved 1105920K
  class space    used 8358K, capacity 8794K, committed 8880K, reserved 1048576K
}
Event: 72,027 GC heap before
{Heap before GC invocations=15 (full 4):
 PSYoungGen      total 293376K, used 11911K [0x000000076cf00000, 0x0000000785580000, 0x00000007c0000000)
  eden space 270848K, 0% used [0x000000076cf00000,0x000000076cf00000,0x000000077d780000)
  from space 22528K, 52% used [0x000000077d780000,0x000000077e321eb0,0x000000077ed80000)
  to   space 21504K, 0% used [0x0000000784080000,0x0000000784080000,0x0000000785580000)
 ParOldGen       total 211968K, used 32036K [0x00000006c6c00000, 0x00000006d3b00000, 0x000000076cf00000)
  object space 211968K, 15% used [0x00000006c6c00000,0x00000006c8b49330,0x00000006d3b00000)
 Metaspace       used 62809K, capacity 65308K, committed 65432K, reserved 1105920K
  class space    used 8358K, capacity 8794K, committed 8880K, reserved 1048576K
Event: 72,185 GC heap after
Heap after GC invocations=15 (full 4):
 PSYoungGen      total 293376K, used 0K [0x000000076cf00000, 0x0000000785580000, 0x00000007c0000000)
  eden space 270848K, 0% used [0x000000076cf00000,0x000000076cf00000,0x000000077d780000)
  from space 22528K, 0% used [0x000000077d780000,0x000000077d780000,0x000000077ed80000)
  to   space 21504K, 0% used [0x0000000784080000,0x0000000784080000,0x0000000785580000)
 ParOldGen       total 211968K, used 38960K [0x00000006c6c00000, 0x00000006d3b00000, 0x000000076cf00000)
  object space 211968K, 18% used [0x00000006c6c00000,0x00000006c920c2b0,0x00000006d3b00000)
 Metaspace       used 62809K, capacity 65308K, committed 65432K, reserved 1105920K
  class space    used 8358K, capacity 8794K, committed 8880K, reserved 1048576K
}
Event: 73,370 GC heap before
{Heap before GC invocations=16 (full 4):
 PSYoungGen      total 293376K, used 270848K [0x000000076cf00000, 0x0000000785580000, 0x00000007c0000000)
  eden space 270848K, 100% used [0x000000076cf00000,0x000000077d780000,0x000000077d780000)
  from space 22528K, 0% used [0x000000077d780000,0x000000077d780000,0x000000077ed80000)
  to   space 21504K, 0% used [0x0000000784080000,0x0000000784080000,0x0000000785580000)
 ParOldGen       total 211968K, used 38960K [0x00000006c6c00000, 0x00000006d3b00000, 0x000000076cf00000)
  object space 211968K, 18% used [0x00000006c6c00000,0x00000006c920c2b0,0x00000006d3b00000)
 Metaspace       used 64168K, capacity 66820K, committed 67096K, reserved 1107968K
  class space    used 8436K, capacity 8910K, committed 9008K, reserved 1048576K
Event: 73,383 GC heap after
Heap after GC invocations=16 (full 4):
 PSYoungGen      total 359936K, used 10830K [0x000000076cf00000, 0x0000000784c00000, 0x00000007c0000000)
  eden space 348160K, 0% used [0x000000076cf00000,0x000000076cf00000,0x0000000782300000)
  from space 11776K, 91% used [0x0000000784080000,0x0000000784b13ac0,0x0000000784c00000)
  to   space 20992K, 0% used [0x0000000782300000,0x0000000782300000,0x0000000783780000)
 ParOldGen       total 211968K, used 38968K [0x00000006c6c00000, 0x00000006d3b00000, 0x000000076cf00000)
  object space 211968K, 18% used [0x00000006c6c00000,0x00000006c920e2b0,0x00000006d3b00000)
 Metaspace       used 64168K, capacity 66820K, committed 67096K, reserved 1107968K
  class space    used 8436K, capacity 8910K, committed 9008K, reserved 1048576K
}
Event: 144,007 GC heap before
{Heap before GC invocations=17 (full 4):
 PSYoungGen      total 359936K, used 63089K [0x000000076cf00000, 0x0000000784c00000, 0x00000007c0000000)
  eden space 348160K, 15% used [0x000000076cf00000,0x0000000770208bc8,0x0000000782300000)
  from space 11776K, 91% used [0x0000000784080000,0x0000000784b13ac0,0x0000000784c00000)
  to   space 20992K, 0% used [0x0000000782300000,0x0000000782300000,0x0000000783780000)
 ParOldGen       total 211968K, used 38968K [0x00000006c6c00000, 0x00000006d3b00000, 0x000000076cf00000)
  object space 211968K, 18% used [0x00000006c6c00000,0x00000006c920e2b0,0x00000006d3b00000)
 Metaspace       used 64353K, capacity 67046K, committed 67352K, reserved 1107968K
  class space    used 8441K, capacity 8916K, committed 9008K, reserved 1048576K
Event: 144,012 GC heap after
Heap after GC invocations=17 (full 4):
 PSYoungGen      total 356352K, used 7680K [0x000000076cf00000, 0x0000000784b00000, 0x00000007c0000000)
  eden space 348160K, 0% used [0x000000076cf00000,0x000000076cf00000,0x0000000782300000)
  from space 8192K, 93% used [0x0000000782300000,0x0000000782a800c0,0x0000000782b00000)
  to   space 20480K, 0% used [0x0000000783700000,0x0000000783700000,0x0000000784b00000)
 ParOldGen       total 211968K, used 38976K [0x00000006c6c00000, 0x00000006d3b00000, 0x000000076cf00000)
  object space 211968K, 18% used [0x00000006c6c00000,0x00000006c92102b0,0x00000006d3b00000)
 Metaspace       used 64353K, capacity 67046K, committed 67352K, reserved 1107968K
  class space    used 8441K, capacity 8916K, committed 9008K, reserved 1048576K
}
Event: 144,012 GC heap before
{Heap before GC invocations=18 (full 5):
 PSYoungGen      total 356352K, used 7680K [0x000000076cf00000, 0x0000000784b00000, 0x00000007c0000000)
  eden space 348160K, 0% used [0x000000076cf00000,0x000000076cf00000,0x0000000782300000)
  from space 8192K, 93% used [0x0000000782300000,0x0000000782a800c0,0x0000000782b00000)
  to   space 20480K, 0% used [0x0000000783700000,0x0000000783700000,0x0000000784b00000)
 ParOldGen       total 211968K, used 38976K [0x00000006c6c00000, 0x00000006d3b00000, 0x000000076cf00000)
  object space 211968K, 18% used [0x00000006c6c00000,0x00000006c92102b0,0x00000006d3b00000)
 Metaspace       used 64353K, capacity 67046K, committed 67352K, reserved 1107968K
  class space    used 8441K, capacity 8916K, committed 9008K, reserved 1048576K
Event: 144,147 GC heap after
Heap after GC invocations=18 (full 5):
 PSYoungGen      total 356352K, used 0K [0x000000076cf00000, 0x0000000784b00000, 0x00000007c0000000)
  eden space 348160K, 0% used [0x000000076cf00000,0x000000076cf00000,0x0000000782300000)
  from space 8192K, 0% used [0x0000000782300000,0x0000000782300000,0x0000000782b00000)
  to   space 20480K, 0% used [0x0000000783700000,0x0000000783700000,0x0000000784b00000)
 ParOldGen       total 211968K, used 36703K [0x00000006c6c00000, 0x00000006d3b00000, 0x000000076cf00000)
  object space 211968K, 17% used [0x00000006c6c00000,0x00000006c8fd7f88,0x00000006d3b00000)
 Metaspace       used 64338K, capacity 67022K, committed 67352K, reserved 1107968K
  class space    used 8438K, capacity 8912K, committed 9008K, reserved 1048576K
}

